Using pre-set license
Built from '2020.2/release' branch; Version is '2020.2.4f1 (becced5a802b) revision 12504301'; Using compiler version '192528614'; Build Type 'Release'
OS: 'Windows 10 Pro; OS build 22631.3447; Version 2009; 64bit' Language: 'es' Physical Memory: 16183 MB
BatchMode: 1, IsHumanControllingUs: 0, StartBugReporterOnCrash: 0, Is64bit: 1, IsPro: 0

 COMMAND LINE ARGUMENTS:
C:\Program Files\Unity\Hub\Editor\2020.2.4f1\Editor\Unity.exe
-adb2
-batchMode
-noUpm
-name
AssetImportWorker0
-projectPath
C:/Users/cande/Documents/3r Curs/Interactive Systems/Roll-a-Ball
-logFile
Logs/AssetImportWorker0.log
-srvPort
59281
Successfully changed project path to: C:/Users/cande/Documents/3r Curs/Interactive Systems/Roll-a-Ball
C:/Users/cande/Documents/3r Curs/Interactive Systems/Roll-a-Ball
Using Asset Import Pipeline V2.
Refreshing native plugins compatible for Editor in 62.50 ms, found 0 plugins.
Preloading 0 native plugins for Editor in 0.00 ms.
Initialize engine version: 2020.2.4f1 (becced5a802b)
[Subsystems] Discovering subsystems at path C:/Program Files/Unity/Hub/Editor/2020.2.4f1/Editor/Data/Resources/UnitySubsystems
[Subsystems] Discovering subsystems at path C:/Users/cande/Documents/3r Curs/Interactive Systems/Roll-a-Ball/Assets
GfxDevice: creating device client; threaded=0
Direct3D:
    Version:  Direct3D 11.0 [level 11.1]
    Renderer: Intel(R) Iris(R) Xe Graphics (ID=0x9a49)
    Vendor:   
    VRAM:     8091 MB
    Driver:   31.0.101.4502
Shader 'Universal Render Pipeline/Particles/Lit': fallback shader 'Universal Render Pipeline/Particles/SimpleLit' not found
Initialize mono
Mono path[0] = 'C:/Program Files/Unity/Hub/Editor/2020.2.4f1/Editor/Data/Managed'
Mono path[1] = 'C:/Program Files/Unity/Hub/Editor/2020.2.4f1/Editor/Data/MonoBleedingEdge/lib/mono/unityjit'
Mono config path = 'C:/Program Files/Unity/Hub/Editor/2020.2.4f1/Editor/Data/MonoBleedingEdge/etc'
Using monoOptions --debugger-agent=transport=dt_socket,embedding=1,server=y,suspend=n,address=127.0.0.1:56604
Begin MonoManager ReloadAssembly
Registering precompiled unity dll's ...
Register platform support module: C:/Program Files/Unity/Hub/Editor/2020.2.4f1/Editor/Data/PlaybackEngines/MacStandaloneSupport/UnityEditor.OSXStandalone.Extensions.dll
Register platform support module: C:/Program Files/Unity/Hub/Editor/2020.2.4f1/Editor/Data/PlaybackEngines/WindowsStandaloneSupport/UnityEditor.WindowsStandalone.Extensions.dll
Registered in 0.001785 seconds.
Native extension for WindowsStandalone target not found
Native extension for OSXStandalone target not found
Refreshing native plugins compatible for Editor in 86.69 ms, found 0 plugins.
Preloading 0 native plugins for Editor in 0.00 ms.
Invoked RoslynAnalysisRunner static constructor.
RoslynAnalysisRunner will not be running.
RoslynAnalysisRunner has terminated.
Mono: successfully reloaded assembly
- Completed reload, in  1.206 seconds
Platform modules already initialized, skipping
Registering precompiled user dll's ...
Registered in 0.001298 seconds.
Begin MonoManager ReloadAssembly
Native extension for WindowsStandalone target not found
Native extension for OSXStandalone target not found
Refreshing native plugins compatible for Editor in 104.53 ms, found 0 plugins.
Preloading 0 native plugins for Editor in 0.00 ms.
Invoked RoslynAnalysisRunner static constructor.
RoslynAnalysisRunner will not be running.
RoslynAnalysisRunner has terminated.
Mono: successfully reloaded assembly
- Completed reload, in  1.482 seconds
Platform modules already initialized, skipping
========================================================================
Worker process is ready to serve import requests
Shader 'Universal Render Pipeline/Particles/Lit': fallback shader 'Universal Render Pipeline/Particles/SimpleLit' not found
Launched and connected shader compiler UnityShaderCompiler.exe after 0.05 seconds
Refreshing native plugins compatible for Editor in 0.42 ms, found 0 plugins.
Preloading 0 native plugins for Editor in 0.00 ms.
Unloading 2652 Unused Serialized files (Serialized files now loaded: 0)
System memory in use before: 118.1 MB.
System memory in use after: 118.2 MB.

Unloading 14 unused Assets to reduce memory usage. Loaded Objects now: 3096.
Total: 3.229600 ms (FindLiveObjects: 0.397500 ms CreateObjectMapping: 0.136100 ms MarkObjects: 2.543700 ms  DeleteObjects: 0.149900 ms)

========================================================================
Received Import Request.
  path: Assets
  artifactKey: Guid(00000000000000001000000000000000) Importer(815301076,1909f56bfc062723c751e8b465ee728b)
Start importing Assets using Guid(00000000000000001000000000000000) Importer(815301076,1909f56bfc062723c751e8b465ee728b)  -> (artifact id: 'edc3feb264a98656617d3c2cb59c8f16') in 0.025734 seconds
  Import took 0.037704 seconds .

========================================================================
Received Import Request.
  Time since last request: 5.862265 seconds.
  path: Assets/Scripts
  artifactKey: Guid(9bdf715611afa3848b43534185fabc82) Importer(815301076,1909f56bfc062723c751e8b465ee728b)
Start importing Assets/Scripts using Guid(9bdf715611afa3848b43534185fabc82) Importer(815301076,1909f56bfc062723c751e8b465ee728b)  -> (artifact id: '97ff40b85a9c1607c43e912676b954f7') in 0.017257 seconds
  Import took 0.023210 seconds .

========================================================================
Received Import Request.
  Time since last request: 1.011331 seconds.
  path: Assets/Scenes
  artifactKey: Guid(c71b9378fb946504c841a62c6add359f) Importer(815301076,1909f56bfc062723c751e8b465ee728b)
Start importing Assets/Scenes using Guid(c71b9378fb946504c841a62c6add359f) Importer(815301076,1909f56bfc062723c751e8b465ee728b)  -> (artifact id: '88c69bc40d20257a5f3c5790893b3b27') in 0.019155 seconds
  Import took 0.026207 seconds .

========================================================================
Received Prepare
Registering precompiled user dll's ...
Registered in 0.001247 seconds.
Begin MonoManager ReloadAssembly
Native extension for WindowsStandalone target not found
Native extension for OSXStandalone target not found
Refreshing native plugins compatible for Editor in 0.79 ms, found 0 plugins.
Preloading 0 native plugins for Editor in 0.00 ms.
Invoked RoslynAnalysisRunner static constructor.
RoslynAnalysisRunner will not be running.
RoslynAnalysisRunner has terminated.
Mono: successfully reloaded assembly
- Completed reload, in  1.054 seconds
Platform modules already initialized, skipping
Shader 'Universal Render Pipeline/Particles/Lit': fallback shader 'Universal Render Pipeline/Particles/SimpleLit' not found
Refreshing native plugins compatible for Editor in 0.50 ms, found 0 plugins.
Preloading 0 native plugins for Editor in 0.00 ms.
Unloading 2594 Unused Serialized files (Serialized files now loaded: 0)
System memory in use before: 114.1 MB.
System memory in use after: 114.3 MB.

Unloading 7 unused Assets to reduce memory usage. Loaded Objects now: 3099.
Total: 3.399100 ms (FindLiveObjects: 0.431900 ms CreateObjectMapping: 0.243400 ms MarkObjects: 2.585500 ms  DeleteObjects: 0.136800 ms)

========================================================================
Received Prepare
Registering precompiled user dll's ...
Registered in 0.001254 seconds.
Begin MonoManager ReloadAssembly
Native extension for WindowsStandalone target not found
Native extension for OSXStandalone target not found
Refreshing native plugins compatible for Editor in 0.66 ms, found 0 plugins.
Preloading 0 native plugins for Editor in 0.00 ms.
Invoked RoslynAnalysisRunner static constructor.
RoslynAnalysisRunner will not be running.
RoslynAnalysisRunner has terminated.
Mono: successfully reloaded assembly
- Completed reload, in  1.194 seconds
Platform modules already initialized, skipping
Shader 'Universal Render Pipeline/Particles/Lit': fallback shader 'Universal Render Pipeline/Particles/SimpleLit' not found
Refreshing native plugins compatible for Editor in 0.41 ms, found 0 plugins.
Preloading 0 native plugins for Editor in 0.00 ms.
Unloading 2594 Unused Serialized files (Serialized files now loaded: 0)
System memory in use before: 114.2 MB.
System memory in use after: 114.3 MB.

Unloading 7 unused Assets to reduce memory usage. Loaded Objects now: 3101.
Total: 2.815200 ms (FindLiveObjects: 0.253800 ms CreateObjectMapping: 0.160000 ms MarkObjects: 2.276200 ms  DeleteObjects: 0.123000 ms)

========================================================================
Received Import Request.
  Time since last request: 39.653009 seconds.
  path: Assets/Scripts/PlayerController.cs
  artifactKey: Guid(3e7271b60c3fc744281a9112b342ae3f) Importer(815301076,1909f56bfc062723c751e8b465ee728b)
Start importing Assets/Scripts/PlayerController.cs using Guid(3e7271b60c3fc744281a9112b342ae3f) Importer(815301076,1909f56bfc062723c751e8b465ee728b)  -> (artifact id: '5ee16d78733af2bd32d4f584a554a89d') in 0.048184 seconds
  Import took 0.053426 seconds .

========================================================================
Received Import Request.
  Time since last request: 39.467472 seconds.
  path: Assets/Scripts/PlayerController.cs
  artifactKey: Guid(3e7271b60c3fc744281a9112b342ae3f) Importer(815301076,1909f56bfc062723c751e8b465ee728b)
Start importing Assets/Scripts/PlayerController.cs using Guid(3e7271b60c3fc744281a9112b342ae3f) Importer(815301076,1909f56bfc062723c751e8b465ee728b)  -> (artifact id: '2544409bde770ebe3d63039e6c1b9d9a') in 0.004705 seconds
  Import took 0.017731 seconds .

========================================================================
Received Import Request.
  Time since last request: 0.023740 seconds.
  path: Assets/Scripts/PlayerController.cs
  artifactKey: Guid(3e7271b60c3fc744281a9112b342ae3f) Importer(815301076,1909f56bfc062723c751e8b465ee728b)
Start importing Assets/Scripts/PlayerController.cs using Guid(3e7271b60c3fc744281a9112b342ae3f) Importer(815301076,1909f56bfc062723c751e8b465ee728b)  -> (artifact id: '2544409bde770ebe3d63039e6c1b9d9a') in 0.036417 seconds
  Import took 0.044963 seconds .

========================================================================
Received Prepare
Registering precompiled user dll's ...
Registered in 0.003191 seconds.
Begin MonoManager ReloadAssembly
Native extension for WindowsStandalone target not found
Native extension for OSXStandalone target not found
Refreshing native plugins compatible for Editor in 1.03 ms, found 0 plugins.
Preloading 0 native plugins for Editor in 0.00 ms.
Invoked RoslynAnalysisRunner static constructor.
RoslynAnalysisRunner will not be running.
RoslynAnalysisRunner has terminated.
Mono: successfully reloaded assembly
- Completed reload, in  2.610 seconds
Platform modules already initialized, skipping
Shader 'Universal Render Pipeline/Particles/Lit': fallback shader 'Universal Render Pipeline/Particles/SimpleLit' not found
Refreshing native plugins compatible for Editor in 0.70 ms, found 0 plugins.
Preloading 0 native plugins for Editor in 0.00 ms.
Unloading 2594 Unused Serialized files (Serialized files now loaded: 0)
System memory in use before: 114.2 MB.
System memory in use after: 114.3 MB.

Unloading 7 unused Assets to reduce memory usage. Loaded Objects now: 3103.
Total: 2.739300 ms (FindLiveObjects: 0.354800 ms CreateObjectMapping: 0.185800 ms MarkObjects: 2.080200 ms  DeleteObjects: 0.116400 ms)

========================================================================
Received Prepare
Registering precompiled user dll's ...
Registered in 0.003226 seconds.
Begin MonoManager ReloadAssembly
Native extension for WindowsStandalone target not found
Native extension for OSXStandalone target not found
Refreshing native plugins compatible for Editor in 0.92 ms, found 0 plugins.
Preloading 0 native plugins for Editor in 0.00 ms.
Invoked RoslynAnalysisRunner static constructor.
RoslynAnalysisRunner will not be running.
RoslynAnalysisRunner has terminated.
Mono: successfully reloaded assembly
- Completed reload, in  2.499 seconds
Platform modules already initialized, skipping
Shader 'Universal Render Pipeline/Particles/Lit': fallback shader 'Universal Render Pipeline/Particles/SimpleLit' not found
Refreshing native plugins compatible for Editor in 0.92 ms, found 0 plugins.
Preloading 0 native plugins for Editor in 0.00 ms.
Unloading 2594 Unused Serialized files (Serialized files now loaded: 0)
System memory in use before: 114.2 MB.
System memory in use after: 114.3 MB.

Unloading 7 unused Assets to reduce memory usage. Loaded Objects now: 3105.
Total: 6.996600 ms (FindLiveObjects: 0.834900 ms CreateObjectMapping: 0.567400 ms MarkObjects: 5.336600 ms  DeleteObjects: 0.252600 ms)

========================================================================
Received Prepare
Registering precompiled user dll's ...
Registered in 0.003322 seconds.
Begin MonoManager ReloadAssembly
Native extension for WindowsStandalone target not found
Native extension for OSXStandalone target not found
Refreshing native plugins compatible for Editor in 0.75 ms, found 0 plugins.
Preloading 0 native plugins for Editor in 0.00 ms.
Invoked RoslynAnalysisRunner static constructor.
RoslynAnalysisRunner will not be running.
RoslynAnalysisRunner has terminated.
Mono: successfully reloaded assembly
- Completed reload, in  2.253 seconds
Platform modules already initialized, skipping
Shader 'Universal Render Pipeline/Particles/Lit': fallback shader 'Universal Render Pipeline/Particles/SimpleLit' not found
Refreshing native plugins compatible for Editor in 0.85 ms, found 0 plugins.
Preloading 0 native plugins for Editor in 0.00 ms.
Unloading 2594 Unused Serialized files (Serialized files now loaded: 0)
System memory in use before: 114.2 MB.
System memory in use after: 114.3 MB.

Unloading 7 unused Assets to reduce memory usage. Loaded Objects now: 3107.
Total: 5.046300 ms (FindLiveObjects: 0.271000 ms CreateObjectMapping: 0.281300 ms MarkObjects: 4.252900 ms  DeleteObjects: 0.238000 ms)

========================================================================
Received Prepare
Registering precompiled user dll's ...
Registered in 0.003706 seconds.
Begin MonoManager ReloadAssembly
Native extension for WindowsStandalone target not found
Native extension for OSXStandalone target not found
Refreshing native plugins compatible for Editor in 1.13 ms, found 0 plugins.
Preloading 0 native plugins for Editor in 0.00 ms.
Invoked RoslynAnalysisRunner static constructor.
RoslynAnalysisRunner will not be running.
RoslynAnalysisRunner has terminated.
Mono: successfully reloaded assembly
- Completed reload, in  2.641 seconds
Platform modules already initialized, skipping
Shader 'Universal Render Pipeline/Particles/Lit': fallback shader 'Universal Render Pipeline/Particles/SimpleLit' not found
Refreshing native plugins compatible for Editor in 0.82 ms, found 0 plugins.
Preloading 0 native plugins for Editor in 0.00 ms.
Unloading 2594 Unused Serialized files (Serialized files now loaded: 0)
System memory in use before: 114.2 MB.
System memory in use after: 114.3 MB.

Unloading 7 unused Assets to reduce memory usage. Loaded Objects now: 3109.
Total: 3.385500 ms (FindLiveObjects: 0.287000 ms CreateObjectMapping: 0.139400 ms MarkObjects: 2.778100 ms  DeleteObjects: 0.178600 ms)

========================================================================
Received Prepare
Registering precompiled user dll's ...
Registered in 0.001293 seconds.
Begin MonoManager ReloadAssembly
Native extension for WindowsStandalone target not found
Native extension for OSXStandalone target not found
Refreshing native plugins compatible for Editor in 0.71 ms, found 0 plugins.
Preloading 0 native plugins for Editor in 0.00 ms.
Invoked RoslynAnalysisRunner static constructor.
RoslynAnalysisRunner will not be running.
RoslynAnalysisRunner has terminated.
Mono: successfully reloaded assembly
- Completed reload, in  1.398 seconds
Platform modules already initialized, skipping
Shader 'Universal Render Pipeline/Particles/Lit': fallback shader 'Universal Render Pipeline/Particles/SimpleLit' not found
Refreshing native plugins compatible for Editor in 0.72 ms, found 0 plugins.
Preloading 0 native plugins for Editor in 0.00 ms.
Unloading 2594 Unused Serialized files (Serialized files now loaded: 0)
System memory in use before: 114.2 MB.
System memory in use after: 114.3 MB.

Unloading 7 unused Assets to reduce memory usage. Loaded Objects now: 3111.
Total: 4.925500 ms (FindLiveObjects: 0.862700 ms CreateObjectMapping: 0.679600 ms MarkObjects: 3.218900 ms  DeleteObjects: 0.160900 ms)

========================================================================
Received Prepare
Registering precompiled user dll's ...
Registered in 0.002213 seconds.
Begin MonoManager ReloadAssembly
Native extension for WindowsStandalone target not found
Native extension for OSXStandalone target not found
Refreshing native plugins compatible for Editor in 0.47 ms, found 0 plugins.
Preloading 0 native plugins for Editor in 0.00 ms.
Invoked RoslynAnalysisRunner static constructor.
RoslynAnalysisRunner will not be running.
RoslynAnalysisRunner has terminated.
Mono: successfully reloaded assembly
- Completed reload, in  1.136 seconds
Platform modules already initialized, skipping
Shader 'Universal Render Pipeline/Particles/Lit': fallback shader 'Universal Render Pipeline/Particles/SimpleLit' not found
Refreshing native plugins compatible for Editor in 0.59 ms, found 0 plugins.
Preloading 0 native plugins for Editor in 0.00 ms.
Unloading 2595 Unused Serialized files (Serialized files now loaded: 0)
System memory in use before: 114.2 MB.
System memory in use after: 114.3 MB.

Unloading 7 unused Assets to reduce memory usage. Loaded Objects now: 3114.
Total: 5.367200 ms (FindLiveObjects: 1.397600 ms CreateObjectMapping: 0.468900 ms MarkObjects: 3.332700 ms  DeleteObjects: 0.166300 ms)

========================================================================
Received Prepare
Registering precompiled user dll's ...
Registered in 0.001533 seconds.
Begin MonoManager ReloadAssembly
Native extension for WindowsStandalone target not found
Native extension for OSXStandalone target not found
Refreshing native plugins compatible for Editor in 0.57 ms, found 0 plugins.
Preloading 0 native plugins for Editor in 0.00 ms.
Invoked RoslynAnalysisRunner static constructor.
RoslynAnalysisRunner will not be running.
RoslynAnalysisRunner has terminated.
Mono: successfully reloaded assembly
- Completed reload, in  1.244 seconds
Platform modules already initialized, skipping
Shader 'Universal Render Pipeline/Particles/Lit': fallback shader 'Universal Render Pipeline/Particles/SimpleLit' not found
Refreshing native plugins compatible for Editor in 0.44 ms, found 0 plugins.
Preloading 0 native plugins for Editor in 0.00 ms.
Unloading 2595 Unused Serialized files (Serialized files now loaded: 0)
System memory in use before: 114.3 MB.
System memory in use after: 114.4 MB.

Unloading 7 unused Assets to reduce memory usage. Loaded Objects now: 3116.
Total: 3.313700 ms (FindLiveObjects: 0.264200 ms CreateObjectMapping: 0.090600 ms MarkObjects: 2.773800 ms  DeleteObjects: 0.183100 ms)

========================================================================
Received Import Request.
  Time since last request: 1721.605693 seconds.
  path: Assets/Scripts/PlayerController.cs
  artifactKey: Guid(3e7271b60c3fc744281a9112b342ae3f) Importer(815301076,1909f56bfc062723c751e8b465ee728b)
Start importing Assets/Scripts/PlayerController.cs using Guid(3e7271b60c3fc744281a9112b342ae3f) Importer(815301076,1909f56bfc062723c751e8b465ee728b)  -> (artifact id: '2a21c64dcf0667142115fabd2a351dd5') in 0.009434 seconds
  Import took 0.017381 seconds .

========================================================================
Received Import Request.
  Time since last request: 0.000327 seconds.
  path: Assets/Scripts/CameraController.cs
  artifactKey: Guid(390136f18b6edfb4f890a8d61cadb0d7) Importer(815301076,1909f56bfc062723c751e8b465ee728b)
Start importing Assets/Scripts/CameraController.cs using Guid(390136f18b6edfb4f890a8d61cadb0d7) Importer(815301076,1909f56bfc062723c751e8b465ee728b)  -> (artifact id: '270243db2e729a4965452f3d10754db7') in 0.017125 seconds
  Import took 0.028161 seconds .

========================================================================
Received Prepare
Registering precompiled user dll's ...
Registered in 0.003413 seconds.
Begin MonoManager ReloadAssembly
Native extension for WindowsStandalone target not found
Native extension for OSXStandalone target not found
Refreshing native plugins compatible for Editor in 0.89 ms, found 0 plugins.
Preloading 0 native plugins for Editor in 0.00 ms.
Invoked RoslynAnalysisRunner static constructor.
RoslynAnalysisRunner will not be running.
RoslynAnalysisRunner has terminated.
Mono: successfully reloaded assembly
- Completed reload, in  2.304 seconds
Platform modules already initialized, skipping
Shader 'Universal Render Pipeline/Particles/Lit': fallback shader 'Universal Render Pipeline/Particles/SimpleLit' not found
Refreshing native plugins compatible for Editor in 0.70 ms, found 0 plugins.
Preloading 0 native plugins for Editor in 0.00 ms.
Unloading 2595 Unused Serialized files (Serialized files now loaded: 0)
System memory in use before: 114.3 MB.
System memory in use after: 114.4 MB.

Unloading 7 unused Assets to reduce memory usage. Loaded Objects now: 3118.
Total: 4.907600 ms (FindLiveObjects: 0.318300 ms CreateObjectMapping: 0.189400 ms MarkObjects: 4.174400 ms  DeleteObjects: 0.223000 ms)

========================================================================
Received Import Request.
  Time since last request: 32.256472 seconds.
  path: Assets/Scripts/CameraController.cs
  artifactKey: Guid(390136f18b6edfb4f890a8d61cadb0d7) Importer(815301076,1909f56bfc062723c751e8b465ee728b)
Start importing Assets/Scripts/CameraController.cs using Guid(390136f18b6edfb4f890a8d61cadb0d7) Importer(815301076,1909f56bfc062723c751e8b465ee728b)  -> (artifact id: 'f15db1991dfe15a1b038fc72c91ce626') in 0.013296 seconds
  Import took 0.024007 seconds .

========================================================================
Received Prepare
Registering precompiled user dll's ...
Registered in 0.001536 seconds.
Begin MonoManager ReloadAssembly
Native extension for WindowsStandalone target not found
Native extension for OSXStandalone target not found
Refreshing native plugins compatible for Editor in 0.75 ms, found 0 plugins.
Preloading 0 native plugins for Editor in 0.00 ms.
Invoked RoslynAnalysisRunner static constructor.
RoslynAnalysisRunner will not be running.
RoslynAnalysisRunner has terminated.
Mono: successfully reloaded assembly
- Completed reload, in  1.380 seconds
Platform modules already initialized, skipping
Shader 'Universal Render Pipeline/Particles/Lit': fallback shader 'Universal Render Pipeline/Particles/SimpleLit' not found
Refreshing native plugins compatible for Editor in 0.46 ms, found 0 plugins.
Preloading 0 native plugins for Editor in 0.00 ms.
Unloading 2595 Unused Serialized files (Serialized files now loaded: 0)
System memory in use before: 114.3 MB.
System memory in use after: 114.4 MB.

Unloading 7 unused Assets to reduce memory usage. Loaded Objects now: 3120.
Total: 2.537600 ms (FindLiveObjects: 0.238700 ms CreateObjectMapping: 0.144300 ms MarkObjects: 2.025100 ms  DeleteObjects: 0.128000 ms)

========================================================================
Received Prepare
Registering precompiled user dll's ...
Registered in 0.003803 seconds.
Begin MonoManager ReloadAssembly
Native extension for WindowsStandalone target not found
Native extension for OSXStandalone target not found
Refreshing native plugins compatible for Editor in 0.97 ms, found 0 plugins.
Preloading 0 native plugins for Editor in 0.00 ms.
Invoked RoslynAnalysisRunner static constructor.
RoslynAnalysisRunner will not be running.
RoslynAnalysisRunner has terminated.
Mono: successfully reloaded assembly
- Completed reload, in  2.667 seconds
Platform modules already initialized, skipping
Shader 'Universal Render Pipeline/Particles/Lit': fallback shader 'Universal Render Pipeline/Particles/SimpleLit' not found
Refreshing native plugins compatible for Editor in 0.43 ms, found 0 plugins.
Preloading 0 native plugins for Editor in 0.00 ms.
Unloading 2595 Unused Serialized files (Serialized files now loaded: 0)
System memory in use before: 114.3 MB.
System memory in use after: 114.4 MB.

Unloading 7 unused Assets to reduce memory usage. Loaded Objects now: 3122.
Total: 4.216300 ms (FindLiveObjects: 0.348500 ms CreateObjectMapping: 0.211300 ms MarkObjects: 3.470000 ms  DeleteObjects: 0.183400 ms)

========================================================================
Received Import Request.
  Time since last request: 370.659093 seconds.
  path: Assets/Materials/Wallsç.mat
  artifactKey: Guid(725e7535a6f109c48985765687b19a5e) Importer(815301076,1909f56bfc062723c751e8b465ee728b)
Start importing Assets/Materials/Wallsç.mat using Guid(725e7535a6f109c48985765687b19a5e) Importer(815301076,1909f56bfc062723c751e8b465ee728b)  -> (artifact id: '640b65d380aa9e4e22cbe96f2cc69b97') in 0.123385 seconds
  Import took 0.135433 seconds .

========================================================================
Received Import Request.
  Time since last request: 114.914647 seconds.
  path: Assets/Materials/Walls.mat
  artifactKey: Guid(725e7535a6f109c48985765687b19a5e) Importer(815301076,1909f56bfc062723c751e8b465ee728b)
Start importing Assets/Materials/Walls.mat using Guid(725e7535a6f109c48985765687b19a5e) Importer(815301076,1909f56bfc062723c751e8b465ee728b)  -> (artifact id: '659880663f601d6dec8ec291815f774f') in 0.029792 seconds
  Import took 0.036914 seconds .

========================================================================
Received Prepare
Registering precompiled user dll's ...
Registered in 0.003336 seconds.
Begin MonoManager ReloadAssembly
Native extension for WindowsStandalone target not found
Native extension for OSXStandalone target not found
Refreshing native plugins compatible for Editor in 1.04 ms, found 0 plugins.
Preloading 0 native plugins for Editor in 0.00 ms.
Invoked RoslynAnalysisRunner static constructor.
RoslynAnalysisRunner will not be running.
RoslynAnalysisRunner has terminated.
Mono: successfully reloaded assembly
- Completed reload, in  2.442 seconds
Platform modules already initialized, skipping
Shader 'Universal Render Pipeline/Particles/Lit': fallback shader 'Universal Render Pipeline/Particles/SimpleLit' not found
Refreshing native plugins compatible for Editor in 1.24 ms, found 0 plugins.
Preloading 0 native plugins for Editor in 0.00 ms.
Unloading 2595 Unused Serialized files (Serialized files now loaded: 0)
System memory in use before: 117.5 MB.
System memory in use after: 117.6 MB.

Unloading 7 unused Assets to reduce memory usage. Loaded Objects now: 3164.
Total: 5.203500 ms (FindLiveObjects: 0.426900 ms CreateObjectMapping: 0.168300 ms MarkObjects: 4.378200 ms  DeleteObjects: 0.226500 ms)

========================================================================
Received Prepare
Registering precompiled user dll's ...
Registered in 0.001381 seconds.
Begin MonoManager ReloadAssembly
Native extension for WindowsStandalone target not found
Native extension for OSXStandalone target not found
Refreshing native plugins compatible for Editor in 0.46 ms, found 0 plugins.
Preloading 0 native plugins for Editor in 0.00 ms.
Invoked RoslynAnalysisRunner static constructor.
RoslynAnalysisRunner will not be running.
RoslynAnalysisRunner has terminated.
Mono: successfully reloaded assembly
- Completed reload, in  1.071 seconds
Platform modules already initialized, skipping
Shader 'Universal Render Pipeline/Particles/Lit': fallback shader 'Universal Render Pipeline/Particles/SimpleLit' not found
Refreshing native plugins compatible for Editor in 0.43 ms, found 0 plugins.
Preloading 0 native plugins for Editor in 0.00 ms.
Unloading 2596 Unused Serialized files (Serialized files now loaded: 0)
System memory in use before: 117.5 MB.
System memory in use after: 117.6 MB.

Unloading 7 unused Assets to reduce memory usage. Loaded Objects now: 3167.
Total: 3.414900 ms (FindLiveObjects: 0.279700 ms CreateObjectMapping: 0.091900 ms MarkObjects: 2.885700 ms  DeleteObjects: 0.155200 ms)

========================================================================
Received Import Request.
  Time since last request: 282.027083 seconds.
  path: Assets/Rotator.cs
  artifactKey: Guid(b465dfd1add600740995bc46f970af54) Importer(815301076,1909f56bfc062723c751e8b465ee728b)
Start importing Assets/Rotator.cs using Guid(b465dfd1add600740995bc46f970af54) Importer(815301076,1909f56bfc062723c751e8b465ee728b)  -> (artifact id: '422457c477a38ab1807b0735f9614d3d') in 0.027027 seconds
  Import took 0.035161 seconds .

========================================================================
Received Prepare
Registering precompiled user dll's ...
Registered in 0.001652 seconds.
Begin MonoManager ReloadAssembly
Native extension for WindowsStandalone target not found
Native extension for OSXStandalone target not found
Refreshing native plugins compatible for Editor in 0.52 ms, found 0 plugins.
Preloading 0 native plugins for Editor in 0.00 ms.
Invoked RoslynAnalysisRunner static constructor.
RoslynAnalysisRunner will not be running.
RoslynAnalysisRunner has terminated.
Mono: successfully reloaded assembly
- Completed reload, in  1.203 seconds
Platform modules already initialized, skipping
Shader 'Universal Render Pipeline/Particles/Lit': fallback shader 'Universal Render Pipeline/Particles/SimpleLit' not found
Refreshing native plugins compatible for Editor in 0.43 ms, found 0 plugins.
Preloading 0 native plugins for Editor in 0.00 ms.
Unloading 2596 Unused Serialized files (Serialized files now loaded: 0)
System memory in use before: 117.5 MB.
System memory in use after: 117.6 MB.

Unloading 7 unused Assets to reduce memory usage. Loaded Objects now: 3169.
Total: 2.415700 ms (FindLiveObjects: 0.259100 ms CreateObjectMapping: 0.075000 ms MarkObjects: 1.964800 ms  DeleteObjects: 0.114500 ms)

========================================================================
Received Prepare
Registering precompiled user dll's ...
Registered in 0.002556 seconds.
Begin MonoManager ReloadAssembly
Native extension for WindowsStandalone target not found
Native extension for OSXStandalone target not found
Refreshing native plugins compatible for Editor in 0.81 ms, found 0 plugins.
Preloading 0 native plugins for Editor in 0.00 ms.
Invoked RoslynAnalysisRunner static constructor.
RoslynAnalysisRunner will not be running.
RoslynAnalysisRunner has terminated.
Mono: successfully reloaded assembly
- Completed reload, in  2.715 seconds
Platform modules already initialized, skipping
Shader 'Universal Render Pipeline/Particles/Lit': fallback shader 'Universal Render Pipeline/Particles/SimpleLit' not found
Refreshing native plugins compatible for Editor in 0.56 ms, found 0 plugins.
Preloading 0 native plugins for Editor in 0.00 ms.
Unloading 2596 Unused Serialized files (Serialized files now loaded: 0)
System memory in use before: 117.5 MB.
System memory in use after: 117.6 MB.

Unloading 7 unused Assets to reduce memory usage. Loaded Objects now: 3171.
Total: 5.125000 ms (FindLiveObjects: 1.689700 ms CreateObjectMapping: 0.160400 ms MarkObjects: 3.088400 ms  DeleteObjects: 0.183900 ms)

========================================================================
Received Import Request.
  Time since last request: 125.782292 seconds.
  path: Assets/Scripts/Rotator.cs
  artifactKey: Guid(b465dfd1add600740995bc46f970af54) Importer(815301076,1909f56bfc062723c751e8b465ee728b)
Start importing Assets/Scripts/Rotator.cs using Guid(b465dfd1add600740995bc46f970af54) Importer(815301076,1909f56bfc062723c751e8b465ee728b)  -> (artifact id: 'a73aaa56e9596e695ad94e7f27ad897e') in 0.019355 seconds
  Import took 0.029209 seconds .

========================================================================
Received Prepare
Registering precompiled user dll's ...
Registered in 0.001354 seconds.
Begin MonoManager ReloadAssembly
Native extension for WindowsStandalone target not found
Native extension for OSXStandalone target not found
Refreshing native plugins compatible for Editor in 0.52 ms, found 0 plugins.
Preloading 0 native plugins for Editor in 0.00 ms.
Invoked RoslynAnalysisRunner static constructor.
RoslynAnalysisRunner will not be running.
RoslynAnalysisRunner has terminated.
Mono: successfully reloaded assembly
- Completed reload, in  1.711 seconds
Platform modules already initialized, skipping
Shader 'Universal Render Pipeline/Particles/Lit': fallback shader 'Universal Render Pipeline/Particles/SimpleLit' not found
Refreshing native plugins compatible for Editor in 0.58 ms, found 0 plugins.
Preloading 0 native plugins for Editor in 0.00 ms.
Unloading 2596 Unused Serialized files (Serialized files now loaded: 0)
System memory in use before: 117.6 MB.
System memory in use after: 117.7 MB.

Unloading 7 unused Assets to reduce memory usage. Loaded Objects now: 3173.
Total: 2.622600 ms (FindLiveObjects: 0.335900 ms CreateObjectMapping: 0.154200 ms MarkObjects: 2.012900 ms  DeleteObjects: 0.117100 ms)

========================================================================
Received Import Request.
  Time since last request: 53.769284 seconds.
  path: Assets/Prefabs
  artifactKey: Guid(686bea274339be047b06bad0c084a2c6) Importer(815301076,1909f56bfc062723c751e8b465ee728b)
Start importing Assets/Prefabs using Guid(686bea274339be047b06bad0c084a2c6) Importer(815301076,1909f56bfc062723c751e8b465ee728b)  -> (artifact id: '86884419486d1f2b95c25c9f2f68c319') in 0.020983 seconds
  Import took 0.028272 seconds .

========================================================================
Received Import Request.
  Time since last request: 5.045409 seconds.
  path: Assets/Prefabs/PickUp.prefab
  artifactKey: Guid(00506f7117b28664da12d0c70dc8c24d) Importer(815301076,1909f56bfc062723c751e8b465ee728b)
Start importing Assets/Prefabs/PickUp.prefab using Guid(00506f7117b28664da12d0c70dc8c24d) Importer(815301076,1909f56bfc062723c751e8b465ee728b)  -> (artifact id: '49a5c1f5ac4402bd5a32aae3be9d5303') in 0.087497 seconds
  Import took 0.094127 seconds .

========================================================================
Received Import Request.
  Time since last request: 15.020593 seconds.
  path: Assets/Prefabs/Original Prefab.prefab
  artifactKey: Guid(00506f7117b28664da12d0c70dc8c24d) Importer(815301076,1909f56bfc062723c751e8b465ee728b)
Start importing Assets/Prefabs/Original Prefab.prefab using Guid(00506f7117b28664da12d0c70dc8c24d) Importer(815301076,1909f56bfc062723c751e8b465ee728b)  -> (artifact id: '4cba0c6db107fd2d4d872850a1d6d1dd') in 0.026464 seconds
  Import took 0.034788 seconds .

========================================================================
Received Prepare
Registering precompiled user dll's ...
Registered in 0.001427 seconds.
Begin MonoManager ReloadAssembly
Native extension for WindowsStandalone target not found
Native extension for OSXStandalone target not found
Refreshing native plugins compatible for Editor in 0.49 ms, found 0 plugins.
Preloading 0 native plugins for Editor in 0.00 ms.
Invoked RoslynAnalysisRunner static constructor.
RoslynAnalysisRunner will not be running.
RoslynAnalysisRunner has terminated.
Mono: successfully reloaded assembly
- Completed reload, in  1.334 seconds
Platform modules already initialized, skipping
Shader 'Universal Render Pipeline/Particles/Lit': fallback shader 'Universal Render Pipeline/Particles/SimpleLit' not found
Refreshing native plugins compatible for Editor in 0.44 ms, found 0 plugins.
Preloading 0 native plugins for Editor in 0.00 ms.
Unloading 2596 Unused Serialized files (Serialized files now loaded: 0)
System memory in use before: 117.6 MB.
System memory in use after: 117.7 MB.

Unloading 7 unused Assets to reduce memory usage. Loaded Objects now: 3177.
Total: 3.983700 ms (FindLiveObjects: 0.752200 ms CreateObjectMapping: 0.290600 ms MarkObjects: 2.772000 ms  DeleteObjects: 0.165500 ms)

========================================================================
Received Import Request.
  Time since last request: 383.521794 seconds.
  path: Assets/Scripts/PlayerController.cs
  artifactKey: Guid(3e7271b60c3fc744281a9112b342ae3f) Importer(815301076,1909f56bfc062723c751e8b465ee728b)
Start importing Assets/Scripts/PlayerController.cs using Guid(3e7271b60c3fc744281a9112b342ae3f) Importer(815301076,1909f56bfc062723c751e8b465ee728b)  -> (artifact id: '6093b39297514eb38e40a8d3aac501ac') in 0.008530 seconds
  Import took 0.014824 seconds .

========================================================================
Received Import Request.
  Time since last request: 174.296898 seconds.
  path: ProjectSettings/TagManager.asset
  artifactKey: Guid(00000000000000003000000000000000) Importer(815301076,1909f56bfc062723c751e8b465ee728b)
Start importing ProjectSettings/TagManager.asset using Guid(00000000000000003000000000000000) Importer(815301076,1909f56bfc062723c751e8b465ee728b)  -> (artifact id: 'd7fc6db537de490c66388a0e179d6586') in 0.032205 seconds
  Import took 0.040247 seconds .

========================================================================
Received Import Request.
  Time since last request: 37.472963 seconds.
  path: Assets/Prefabs/Original Prefab.prefab
  artifactKey: Guid(00506f7117b28664da12d0c70dc8c24d) Importer(815301076,1909f56bfc062723c751e8b465ee728b)
Start importing Assets/Prefabs/Original Prefab.prefab using Guid(00506f7117b28664da12d0c70dc8c24d) Importer(815301076,1909f56bfc062723c751e8b465ee728b)  -> (artifact id: '36c8122b48b3158e0f28461d5dd4b483') in 0.057492 seconds
  Import took 0.063928 seconds .

========================================================================
Received Import Request.
  Time since last request: 65.731922 seconds.
  path: Assets/Prefabs/Original Prefab.prefab
  artifactKey: Guid(00506f7117b28664da12d0c70dc8c24d) Importer(815301076,1909f56bfc062723c751e8b465ee728b)
Start importing Assets/Prefabs/Original Prefab.prefab using Guid(00506f7117b28664da12d0c70dc8c24d) Importer(815301076,1909f56bfc062723c751e8b465ee728b)  -> (artifact id: '101e689518888f4c46ce3eb575552895') in 0.018596 seconds
  Import took 0.027823 seconds .

========================================================================
Received Prepare
Registering precompiled user dll's ...
Registered in 0.001740 seconds.
Begin MonoManager ReloadAssembly
Native extension for WindowsStandalone target not found
Native extension for OSXStandalone target not found
Refreshing native plugins compatible for Editor in 0.71 ms, found 0 plugins.
Preloading 0 native plugins for Editor in 0.00 ms.
Invoked RoslynAnalysisRunner static constructor.
RoslynAnalysisRunner will not be running.
RoslynAnalysisRunner has terminated.
Mono: successfully reloaded assembly
- Completed reload, in  1.342 seconds
Platform modules already initialized, skipping
Shader 'Universal Render Pipeline/Particles/Lit': fallback shader 'Universal Render Pipeline/Particles/SimpleLit' not found
Refreshing native plugins compatible for Editor in 0.42 ms, found 0 plugins.
Preloading 0 native plugins for Editor in 0.00 ms.
Unloading 2596 Unused Serialized files (Serialized files now loaded: 0)
System memory in use before: 117.6 MB.
System memory in use after: 117.7 MB.

Unloading 8 unused Assets to reduce memory usage. Loaded Objects now: 3180.
Total: 2.368400 ms (FindLiveObjects: 0.214600 ms CreateObjectMapping: 0.128100 ms MarkObjects: 1.904400 ms  DeleteObjects: 0.120000 ms)

========================================================================
Received Import Request.
  Time since last request: 82.353774 seconds.
  path: Assets/Prefabs/Original Prefab.prefab
  artifactKey: Guid(00506f7117b28664da12d0c70dc8c24d) Importer(815301076,1909f56bfc062723c751e8b465ee728b)
Start importing Assets/Prefabs/Original Prefab.prefab using Guid(00506f7117b28664da12d0c70dc8c24d) Importer(815301076,1909f56bfc062723c751e8b465ee728b)  -> (artifact id: '1287cbec052994cda0e015275f23a748') in 0.073503 seconds
  Import took 0.079655 seconds .

========================================================================
Received Import Request.
  Time since last request: 5.834561 seconds.
  path: Assets/Prefabs/Original Prefab.prefab
  artifactKey: Guid(00506f7117b28664da12d0c70dc8c24d) Importer(815301076,1909f56bfc062723c751e8b465ee728b)
Start importing Assets/Prefabs/Original Prefab.prefab using Guid(00506f7117b28664da12d0c70dc8c24d) Importer(815301076,1909f56bfc062723c751e8b465ee728b)  -> (artifact id: 'f9fd109d0173ae9bda3c48c3e6e0bb32') in 0.011483 seconds
  Import took 0.017729 seconds .

========================================================================
Received Import Request.
  Time since last request: 2.013839 seconds.
  path: Assets/Prefabs/Original Prefab.prefab
  artifactKey: Guid(00506f7117b28664da12d0c70dc8c24d) Importer(815301076,1909f56bfc062723c751e8b465ee728b)
Start importing Assets/Prefabs/Original Prefab.prefab using Guid(00506f7117b28664da12d0c70dc8c24d) Importer(815301076,1909f56bfc062723c751e8b465ee728b)  -> (artifact id: 'd920dd141dd8fed62594ea3856449c65') in 0.011338 seconds
  Import took 0.019268 seconds .

========================================================================
Received Prepare
Registering precompiled user dll's ...
Registered in 0.002053 seconds.
Begin MonoManager ReloadAssembly
Native extension for WindowsStandalone target not found
Native extension for OSXStandalone target not found
Refreshing native plugins compatible for Editor in 0.94 ms, found 0 plugins.
Preloading 0 native plugins for Editor in 0.00 ms.
Invoked RoslynAnalysisRunner static constructor.
RoslynAnalysisRunner will not be running.
RoslynAnalysisRunner has terminated.
Mono: successfully reloaded assembly
- Completed reload, in  2.431 seconds
Platform modules already initialized, skipping
Shader 'Universal Render Pipeline/Particles/Lit': fallback shader 'Universal Render Pipeline/Particles/SimpleLit' not found
Refreshing native plugins compatible for Editor in 0.92 ms, found 0 plugins.
Preloading 0 native plugins for Editor in 0.00 ms.
Unloading 2596 Unused Serialized files (Serialized files now loaded: 0)
System memory in use before: 117.5 MB.
System memory in use after: 117.6 MB.

Unloading 7 unused Assets to reduce memory usage. Loaded Objects now: 3183.
Total: 5.414200 ms (FindLiveObjects: 0.263500 ms CreateObjectMapping: 0.309400 ms MarkObjects: 4.578300 ms  DeleteObjects: 0.260900 ms)

========================================================================
Received Prepare
Registering precompiled user dll's ...
Registered in 0.001733 seconds.
Begin MonoManager ReloadAssembly
Native extension for WindowsStandalone target not found
Native extension for OSXStandalone target not found
Refreshing native plugins compatible for Editor in 0.46 ms, found 0 plugins.
Preloading 0 native plugins for Editor in 0.00 ms.
Invoked RoslynAnalysisRunner static constructor.
RoslynAnalysisRunner will not be running.
RoslynAnalysisRunner has terminated.
Mono: successfully reloaded assembly
- Completed reload, in  1.546 seconds
Platform modules already initialized, skipping
Shader 'Universal Render Pipeline/Particles/Lit': fallback shader 'Universal Render Pipeline/Particles/SimpleLit' not found
Refreshing native plugins compatible for Editor in 0.46 ms, found 0 plugins.
Preloading 0 native plugins for Editor in 0.00 ms.
Unloading 2596 Unused Serialized files (Serialized files now loaded: 0)
System memory in use before: 117.6 MB.
System memory in use after: 117.7 MB.

Unloading 7 unused Assets to reduce memory usage. Loaded Objects now: 3185.
Total: 3.386900 ms (FindLiveObjects: 0.584500 ms CreateObjectMapping: 0.455100 ms MarkObjects: 2.229700 ms  DeleteObjects: 0.115700 ms)

========================================================================
Received Prepare
Registering precompiled user dll's ...
Registered in 0.001841 seconds.
Begin MonoManager ReloadAssembly
Native extension for WindowsStandalone target not found
Native extension for OSXStandalone target not found
Refreshing native plugins compatible for Editor in 0.69 ms, found 0 plugins.
Preloading 0 native plugins for Editor in 0.00 ms.
Invoked RoslynAnalysisRunner static constructor.
RoslynAnalysisRunner will not be running.
RoslynAnalysisRunner has terminated.
Mono: successfully reloaded assembly
- Completed reload, in  1.249 seconds
Platform modules already initialized, skipping
Shader 'Universal Render Pipeline/Particles/Lit': fallback shader 'Universal Render Pipeline/Particles/SimpleLit' not found
Refreshing native plugins compatible for Editor in 0.38 ms, found 0 plugins.
Preloading 0 native plugins for Editor in 0.00 ms.
Unloading 2596 Unused Serialized files (Serialized files now loaded: 0)
System memory in use before: 117.6 MB.
System memory in use after: 117.7 MB.

Unloading 7 unused Assets to reduce memory usage. Loaded Objects now: 3187.
Total: 9.757900 ms (FindLiveObjects: 5.544200 ms CreateObjectMapping: 0.496900 ms MarkObjects: 3.589600 ms  DeleteObjects: 0.122600 ms)

========================================================================
Received Prepare
Registering precompiled user dll's ...
Registered in 0.003289 seconds.
Begin MonoManager ReloadAssembly
Native extension for WindowsStandalone target not found
Native extension for OSXStandalone target not found
Refreshing native plugins compatible for Editor in 1.07 ms, found 0 plugins.
Preloading 0 native plugins for Editor in 0.00 ms.
Invoked RoslynAnalysisRunner static constructor.
RoslynAnalysisRunner will not be running.
RoslynAnalysisRunner has terminated.
Mono: successfully reloaded assembly
- Completed reload, in  2.258 seconds
Platform modules already initialized, skipping
Shader 'Universal Render Pipeline/Particles/Lit': fallback shader 'Universal Render Pipeline/Particles/SimpleLit' not found
Refreshing native plugins compatible for Editor in 0.90 ms, found 0 plugins.
Preloading 0 native plugins for Editor in 0.00 ms.
Unloading 2596 Unused Serialized files (Serialized files now loaded: 0)
System memory in use before: 117.6 MB.
System memory in use after: 117.8 MB.

Unloading 7 unused Assets to reduce memory usage. Loaded Objects now: 3189.
Total: 6.621300 ms (FindLiveObjects: 0.466000 ms CreateObjectMapping: 0.322900 ms MarkObjects: 5.592900 ms  DeleteObjects: 0.235100 ms)

========================================================================
Received Prepare
Registering precompiled user dll's ...
Registered in 0.003890 seconds.
Begin MonoManager ReloadAssembly
Native extension for WindowsStandalone target not found
Native extension for OSXStandalone target not found
Refreshing native plugins compatible for Editor in 1.20 ms, found 0 plugins.
Preloading 0 native plugins for Editor in 0.00 ms.
Invoked RoslynAnalysisRunner static constructor.
RoslynAnalysisRunner will not be running.
RoslynAnalysisRunner has terminated.
Mono: successfully reloaded assembly
- Completed reload, in  2.729 seconds
Platform modules already initialized, skipping
Shader 'Universal Render Pipeline/Particles/Lit': fallback shader 'Universal Render Pipeline/Particles/SimpleLit' not found
Refreshing native plugins compatible for Editor in 0.69 ms, found 0 plugins.
Preloading 0 native plugins for Editor in 0.00 ms.
Unloading 2596 Unused Serialized files (Serialized files now loaded: 0)
System memory in use before: 117.6 MB.
System memory in use after: 117.8 MB.

Unloading 7 unused Assets to reduce memory usage. Loaded Objects now: 3191.
Total: 4.685900 ms (FindLiveObjects: 0.611800 ms CreateObjectMapping: 0.562600 ms MarkObjects: 3.323700 ms  DeleteObjects: 0.185000 ms)

========================================================================
Received Prepare
Registering precompiled user dll's ...
Registered in 0.003754 seconds.
Begin MonoManager ReloadAssembly
Native extension for WindowsStandalone target not found
Native extension for OSXStandalone target not found
Refreshing native plugins compatible for Editor in 1.07 ms, found 0 plugins.
Preloading 0 native plugins for Editor in 0.00 ms.
Invoked RoslynAnalysisRunner static constructor.
RoslynAnalysisRunner will not be running.
RoslynAnalysisRunner has terminated.
Mono: successfully reloaded assembly
- Completed reload, in  2.681 seconds
Platform modules already initialized, skipping
Shader 'Universal Render Pipeline/Particles/Lit': fallback shader 'Universal Render Pipeline/Particles/SimpleLit' not found
Refreshing native plugins compatible for Editor in 0.43 ms, found 0 plugins.
Preloading 0 native plugins for Editor in 0.00 ms.
Unloading 2596 Unused Serialized files (Serialized files now loaded: 0)
System memory in use before: 117.7 MB.
System memory in use after: 117.8 MB.

Unloading 7 unused Assets to reduce memory usage. Loaded Objects now: 3193.
Total: 2.553900 ms (FindLiveObjects: 0.237600 ms CreateObjectMapping: 0.140300 ms MarkObjects: 2.045400 ms  DeleteObjects: 0.128800 ms)

========================================================================
Received Import Request.
  Time since last request: 15881.546789 seconds.
  path: Assets/Scripts/PlayerController.cs
  artifactKey: Guid(3e7271b60c3fc744281a9112b342ae3f) Importer(815301076,1909f56bfc062723c751e8b465ee728b)
Start importing Assets/Scripts/PlayerController.cs using Guid(3e7271b60c3fc744281a9112b342ae3f) Importer(815301076,1909f56bfc062723c751e8b465ee728b)  -> (artifact id: '57d2badd9ea3474716e9dca257075dc6') in 0.026596 seconds
  Import took 0.039627 seconds .

========================================================================
Received Prepare
Registering precompiled user dll's ...
Registered in 0.001878 seconds.
Begin MonoManager ReloadAssembly
Native extension for WindowsStandalone target not found
Native extension for OSXStandalone target not found
Refreshing native plugins compatible for Editor in 0.83 ms, found 0 plugins.
Preloading 0 native plugins for Editor in 0.00 ms.
Invoked RoslynAnalysisRunner static constructor.
RoslynAnalysisRunner will not be running.
RoslynAnalysisRunner has terminated.
Mono: successfully reloaded assembly
- Completed reload, in  1.644 seconds
Platform modules already initialized, skipping
Shader 'Universal Render Pipeline/Particles/Lit': fallback shader 'Universal Render Pipeline/Particles/SimpleLit' not found
Refreshing native plugins compatible for Editor in 0.65 ms, found 0 plugins.
Preloading 0 native plugins for Editor in 0.00 ms.
Unloading 2609 Unused Serialized files (Serialized files now loaded: 0)
System memory in use before: 119.3 MB.
System memory in use after: 118.8 MB.

Unloading 20 unused Assets to reduce memory usage. Loaded Objects now: 3195.
Total: 3.897100 ms (FindLiveObjects: 0.493500 ms CreateObjectMapping: 0.248000 ms MarkObjects: 2.584100 ms  DeleteObjects: 0.568900 ms)

========================================================================
Received Prepare
Registering precompiled user dll's ...
Registered in 0.001398 seconds.
Begin MonoManager ReloadAssembly
Native extension for WindowsStandalone target not found
Native extension for OSXStandalone target not found
Refreshing native plugins compatible for Editor in 0.44 ms, found 0 plugins.
Preloading 0 native plugins for Editor in 0.00 ms.
Invoked RoslynAnalysisRunner static constructor.
RoslynAnalysisRunner will not be running.
RoslynAnalysisRunner has terminated.
Mono: successfully reloaded assembly
- Completed reload, in  1.109 seconds
Platform modules already initialized, skipping
Shader 'Universal Render Pipeline/Particles/Lit': fallback shader 'Universal Render Pipeline/Particles/SimpleLit' not found
Refreshing native plugins compatible for Editor in 1.29 ms, found 0 plugins.
Preloading 0 native plugins for Editor in 0.00 ms.
Unloading 2609 Unused Serialized files (Serialized files now loaded: 0)
System memory in use before: 119.4 MB.
System memory in use after: 118.9 MB.

Unloading 20 unused Assets to reduce memory usage. Loaded Objects now: 3197.
Total: 7.875000 ms (FindLiveObjects: 1.433400 ms CreateObjectMapping: 0.559400 ms MarkObjects: 4.905300 ms  DeleteObjects: 0.972500 ms)

========================================================================
Received Prepare
Registering precompiled user dll's ...
Registered in 0.001292 seconds.
Begin MonoManager ReloadAssembly
Native extension for WindowsStandalone target not found
Native extension for OSXStandalone target not found
Refreshing native plugins compatible for Editor in 0.57 ms, found 0 plugins.
Preloading 0 native plugins for Editor in 0.00 ms.
Invoked RoslynAnalysisRunner static constructor.
RoslynAnalysisRunner will not be running.
RoslynAnalysisRunner has terminated.
Mono: successfully reloaded assembly
- Completed reload, in  0.984 seconds
Platform modules already initialized, skipping
Shader 'Universal Render Pipeline/Particles/Lit': fallback shader 'Universal Render Pipeline/Particles/SimpleLit' not found
Refreshing native plugins compatible for Editor in 0.58 ms, found 0 plugins.
Preloading 0 native plugins for Editor in 0.00 ms.
Unloading 2609 Unused Serialized files (Serialized files now loaded: 0)
System memory in use before: 119.4 MB.
System memory in use after: 118.9 MB.

Unloading 20 unused Assets to reduce memory usage. Loaded Objects now: 3199.
Total: 3.038300 ms (FindLiveObjects: 0.301100 ms CreateObjectMapping: 0.092800 ms MarkObjects: 2.201800 ms  DeleteObjects: 0.440000 ms)

========================================================================
Received Prepare
Registering precompiled user dll's ...
Registered in 0.002043 seconds.
Begin MonoManager ReloadAssembly
Native extension for WindowsStandalone target not found
Native extension for OSXStandalone target not found
Refreshing native plugins compatible for Editor in 1.04 ms, found 0 plugins.
Preloading 0 native plugins for Editor in 0.00 ms.
Invoked RoslynAnalysisRunner static constructor.
RoslynAnalysisRunner will not be running.
RoslynAnalysisRunner has terminated.
Mono: successfully reloaded assembly
- Completed reload, in  2.815 seconds
Platform modules already initialized, skipping
Shader 'Universal Render Pipeline/Particles/Lit': fallback shader 'Universal Render Pipeline/Particles/SimpleLit' not found
Refreshing native plugins compatible for Editor in 0.43 ms, found 0 plugins.
Preloading 0 native plugins for Editor in 0.00 ms.
Unloading 2609 Unused Serialized files (Serialized files now loaded: 0)
System memory in use before: 119.4 MB.
System memory in use after: 118.9 MB.

Unloading 20 unused Assets to reduce memory usage. Loaded Objects now: 3201.
Total: 3.677000 ms (FindLiveObjects: 0.580600 ms CreateObjectMapping: 0.424600 ms MarkObjects: 2.198500 ms  DeleteObjects: 0.465800 ms)

AssetImportWorkerClient::OnTransportError - code=2 error=End of file
